[1018/172634.149:ERROR:directory_reader_win.cc(43)] FindFirstFile: The system cannot find the path specified. (0x3)
[1018/204018.553:ERROR:process_info.cc(359)] UncheckedAllocate
[1018/204049.955:ERROR:process_info.cc(359)] UncheckedAllocate
[1018/204550.402:ERROR:process_info.cc(359)] UncheckedAllocate
[1018/204550.520:ERROR:process_info.cc(359)] UncheckedAllocate
[1018/204550.726:ERROR:process_memory_win.cc(73)] ReadMemory at 0x1d04bbd0d70 of 72 bytes failed: Only part of a ReadProcessMemory or WriteProcessMemory request was completed. (0x12B)
[1018/204550.726:WARNING:pe_image_annotations_reader.cc(135)] could not read annotations list object in C:\Program Files (x86)\Google\Chrome\Application\86.0.4240.75\chrome_elf.dll
[1018/204550.726:ERROR:process_memory_win.cc(73)] ReadMemory at 0x1d04bc14330 of 72 bytes failed: Only part of a ReadProcessMemory or WriteProcessMemory request was completed. (0x12B)
[1018/204550.726:WARNING:pe_image_annotations_reader.cc(135)] could not read annotations list object in C:\Program Files (x86)\Google\Chrome\Application\86.0.4240.75\chrome.dll
[1018/204550.730:ERROR:process_memory_win.cc(73)] ReadMemory at 0x1d04bbd0d70 of 72 bytes failed: Only part of a ReadProcessMemory or WriteProcessMemory request was completed. (0x12B)
[1018/204550.730:WARNING:pe_image_annotations_reader.cc(135)] could not read annotations list object in C:\Program Files (x86)\Google\Chrome\Application\86.0.4240.75\chrome_elf.dll
[1018/204550.730:ERROR:process_memory_win.cc(73)] ReadMemory at 0x1d04bc14330 of 72 bytes failed: Only part of a ReadProcessMemory or WriteProcessMemory request was completed. (0x12B)
[1018/204550.731:WARNING:pe_image_annotations_reader.cc(135)] could not read annotations list object in C:\Program Files (x86)\Google\Chrome\Application\86.0.4240.75\chrome.dll
[1018/204550.731:ERROR:process_memory_win.cc(73)] ReadMemory at 0x1d04bbd0d70 of 72 bytes failed: Only part of a ReadProcessMemory or WriteProcessMemory request was completed. (0x12B)
[1018/204550.731:WARNING:pe_image_annotations_reader.cc(135)] could not read annotations list object in C:\Program Files (x86)\Google\Chrome\Application\86.0.4240.75\chrome_elf.dll
[1018/204550.731:ERROR:process_memory_win.cc(73)] ReadMemory at 0x1d04bc14330 of 72 bytes failed: Only part of a ReadProcessMemory or WriteProcessMemory request was completed. (0x12B)
[1018/204550.731:WARNING:pe_image_annotations_reader.cc(135)] could not read annotations list object in C:\Program Files (x86)\Google\Chrome\Application\86.0.4240.75\chrome.dll
[1018/204550.757:ERROR:process_memory_win.cc(73)] ReadMemory at 0x6c37bc2000 of 253952 bytes failed: Only part of a ReadProcessMemory or WriteProcessMemory request was completed. (0x12B)
[1018/204550.757:ERROR:process_memory_win.cc(73)] ReadMemory at 0x6c383fe000 of 8192 bytes failed: Only part of a ReadProcessMemory or WriteProcessMemory request was completed. (0x12B)
[1018/204550.757:ERROR:process_memory_win.cc(73)] ReadMemory at 0x6c393fe000 of 8192 bytes failed: Only part of a ReadProcessMemory or WriteProcessMemory request was completed. (0x12B)
[1018/204550.757:ERROR:process_memory_win.cc(73)] ReadMemory at 0x6c39bfc000 of 16384 bytes failed: Only part of a ReadProcessMemory or WriteProcessMemory request was completed. (0x12B)
[1018/204550.757:ERROR:process_memory_win.cc(73)] ReadMemory at 0x6c3abfe000 of 8192 bytes failed: Only part of a ReadProcessMemory or WriteProcessMemory request was completed. (0x12B)
[1018/204550.757:ERROR:process_memory_win.cc(73)] ReadMemory at 0x6c3b3fe000 of 8192 bytes failed: Only part of a ReadProcessMemory or WriteProcessMemory request was completed. (0x12B)
[1018/204550.758:ERROR:process_memory_win.cc(73)] ReadMemory at 0x6c3bbfc000 of 16384 bytes failed: Only part of a ReadProcessMemory or WriteProcessMemory request was completed. (0x12B)
[1018/204550.758:ERROR:process_memory_win.cc(73)] ReadMemory at 0x6c3cbfd000 of 12288 bytes failed: Only part of a ReadProcessMemory or WriteProcessMemory request was completed. (0x12B)
[1018/204550.758:ERROR:process_memory_win.cc(73)] ReadMemory at 0x6c3d3fc000 of 16384 bytes failed: Only part of a ReadProcessMemory or WriteProcessMemory request was completed. (0x12B)
[1018/204550.758:ERROR:process_memory_win.cc(73)] ReadMemory at 0x6c3dbfc000 of 16384 bytes failed: Only part of a ReadProcessMemory or WriteProcessMemory request was completed. (0x12B)
[1018/204550.758:ERROR:process_memory_win.cc(73)] ReadMemory at 0x6c3e3fc000 of 16384 bytes failed: Only part of a ReadProcessMemory or WriteProcessMemory request was completed. (0x12B)
[1018/204550.758:ERROR:process_memory_win.cc(73)] ReadMemory at 0x6c3ebfc000 of 16384 bytes failed: Only part of a ReadProcessMemory or WriteProcessMemory request was completed. (0x12B)
[1018/204550.758:ERROR:process_memory_win.cc(73)] ReadMemory at 0x6c3f3fc000 of 16384 bytes failed: Only part of a ReadProcessMemory or WriteProcessMemory request was completed. (0x12B)
[1018/204550.758:ERROR:process_memory_win.cc(73)] ReadMemory at 0x6c403f4000 of 49152 bytes failed: Only part of a ReadProcessMemory or WriteProcessMemory request was completed. (0x12B)
[1018/204550.758:ERROR:process_memory_win.cc(73)] ReadMemory at 0x6c41bf6000 of 40960 bytes failed: Only part of a ReadProcessMemory or WriteProcessMemory request was completed. (0x12B)
[1018/204550.758:ERROR:process_memory_win.cc(73)] ReadMemory at 0x6c3c3f5000 of 45056 bytes failed: Only part of a ReadProcessMemory or WriteProcessMemory request was completed. (0x12B)
[1018/204550.758:ERROR:process_memory_win.cc(73)] ReadMemory at 0x6c42bfe000 of 8192 bytes failed: Only part of a ReadProcessMemory or WriteProcessMemory request was completed. (0x12B)
[1018/204550.759:ERROR:process_memory_win.cc(73)] ReadMemory at 0x6c423f9000 of 28672 bytes failed: Only part of a ReadProcessMemory or WriteProcessMemory request was completed. (0x12B)
[1018/204550.759:ERROR:process_memory_win.cc(73)] ReadMemory at 0x6c3a3f4000 of 49152 bytes failed: Only part of a ReadProcessMemory or WriteProcessMemory request was completed. (0x12B)
[1018/204550.759:ERROR:process_memory_win.cc(73)] ReadMemory at 0x6c38bf9000 of 28672 bytes failed: Only part of a ReadProcessMemory or WriteProcessMemory request was completed. (0x12B)
[1018/204550.759:ERROR:process_memory_win.cc(73)] ReadMemory at 0x6c3fbf9000 of 28672 bytes failed: Only part of a ReadProcessMemory or WriteProcessMemory request was completed. (0x12B)
[1018/204550.759:ERROR:process_memory_win.cc(73)] ReadMemory at 0x6c40bf7000 of 36864 bytes failed: Only part of a ReadProcessMemory or WriteProcessMemory request was completed. (0x12B)
[1018/204550.759:ERROR:process_memory_win.cc(73)] ReadMemory at 0x6c413fd000 of 12288 bytes failed: Only part of a ReadProcessMemory or WriteProcessMemory request was completed. (0x12B)
[1018/204550.759:ERROR:process_memory_win.cc(73)] ReadMemory at 0x6c37202000 of 6024 bytes failed: Only part of a ReadProcessMemory or WriteProcessMemory request was completed. (0x12B)
[1018/204550.759:ERROR:process_memory_win.cc(73)] ReadMemory at 0x6c37204000 of 6024 bytes failed: Only part of a ReadProcessMemory or WriteProcessMemory request was completed. (0x12B)
[1018/204550.759:ERROR:process_memory_win.cc(73)] ReadMemory at 0x6c37208000 of 6024 bytes failed: Only part of a ReadProcessMemory or WriteProcessMemory request was completed. (0x12B)
[1018/204550.759:ERROR:process_memory_win.cc(73)] ReadMemory at 0x6c3720a000 of 6024 bytes failed: Only part of a ReadProcessMemory or WriteProcessMemory request was completed. (0x12B)
[1018/204550.759:ERROR:process_memory_win.cc(73)] ReadMemory at 0x6c3720c000 of 6024 bytes failed: Only part of a ReadProcessMemory or WriteProcessMemory request was completed. (0x12B)
[1018/204550.759:ERROR:process_memory_win.cc(73)] ReadMemory at 0x6c37210000 of 6024 bytes failed: Only part of a ReadProcessMemory or WriteProcessMemory request was completed. (0x12B)
[1018/204550.759:ERROR:process_memory_win.cc(73)] ReadMemory at 0x6c37212000 of 6024 bytes failed: Only part of a ReadProcessMemory or WriteProcessMemory request was completed. (0x12B)
[1018/204550.759:ERROR:process_memory_win.cc(73)] ReadMemory at 0x6c37214000 of 6024 bytes failed: Only part of a ReadProcessMemory or WriteProcessMemory request was completed. (0x12B)
[1018/204550.760:ERROR:process_memory_win.cc(73)] ReadMemory at 0x6c37216000 of 6024 bytes failed: Only part of a ReadProcessMemory or WriteProcessMemory request was completed. (0x12B)
[1018/204550.760:ERROR:process_memory_win.cc(73)] ReadMemory at 0x6c37218000 of 6024 bytes failed: Only part of a ReadProcessMemory or WriteProcessMemory request was completed. (0x12B)
[1018/204550.760:ERROR:process_memory_win.cc(73)] ReadMemory at 0x6c3721a000 of 6024 bytes failed: Only part of a ReadProcessMemory or WriteProcessMemory request was completed. (0x12B)
[1018/204550.760:ERROR:process_memory_win.cc(73)] ReadMemory at 0x6c3721e000 of 6024 bytes failed: Only part of a ReadProcessMemory or WriteProcessMemory request was completed. (0x12B)
[1018/204550.760:ERROR:process_memory_win.cc(73)] ReadMemory at 0x6c37224000 of 6024 bytes failed: Only part of a ReadProcessMemory or WriteProcessMemory request was completed. (0x12B)
[1018/204550.760:ERROR:process_memory_win.cc(73)] ReadMemory at 0x6c37226000 of 6024 bytes failed: Only part of a ReadProcessMemory or WriteProcessMemory request was completed. (0x12B)
[1018/204550.760:ERROR:process_memory_win.cc(73)] ReadMemory at 0x6c37236000 of 6024 bytes failed: Only part of a ReadProcessMemory or WriteProcessMemory request was completed. (0x12B)
[1018/204550.760:ERROR:process_memory_win.cc(73)] ReadMemory at 0x6c3729c000 of 6024 bytes failed: Only part of a ReadProcessMemory or WriteProcessMemory request was completed. (0x12B)
[1018/204550.760:ERROR:process_memory_win.cc(73)] ReadMemory at 0x6c372a8000 of 6024 bytes failed: Only part of a ReadProcessMemory or WriteProcessMemory request was completed. (0x12B)
[1018/204550.760:ERROR:process_memory_win.cc(73)] ReadMemory at 0x6c372ac000 of 6024 bytes failed: Only part of a ReadProcessMemory or WriteProcessMemory request was completed. (0x12B)
[1018/204550.760:ERROR:process_memory_win.cc(73)] ReadMemory at 0x6c372b2000 of 6024 bytes failed: Only part of a ReadProcessMemory or WriteProcessMemory request was completed. (0x12B)
[1018/204550.760:ERROR:process_memory_win.cc(73)] ReadMemory at 0x6c372b4000 of 6024 bytes failed: Only part of a ReadProcessMemory or WriteProcessMemory request was completed. (0x12B)
[1018/204550.760:ERROR:process_memory_win.cc(73)] ReadMemory at 0x6c372b8000 of 6024 bytes failed: Only part of a ReadProcessMemory or WriteProcessMemory request was completed. (0x12B)
[1018/204550.760:ERROR:process_memory_win.cc(73)] ReadMemory at 0x6c373fb000 of 852 bytes failed: Only part of a ReadProcessMemory or WriteProcessMemory request was completed. (0x12B)
[1018/204550.761:ERROR:process_memory_win.cc(73)] ReadMemory at 0x6c373fc000 of 6024 bytes failed: Only part of a ReadProcessMemory or WriteProcessMemory request was completed. (0x12B)
[1018/204550.761:ERROR:process_memory_win.cc(73)] ReadMemory at 0x6c373fe000 of 6024 bytes failed: Only part of a ReadProcessMemory or WriteProcessMemory request was completed. (0x12B)
[1018/204550.761:ERROR:process_memory_win.cc(73)] ReadMemory at 0x1d04bbc0fe0 of 18470 bytes failed: Only part of a ReadProcessMemory or WriteProcessMemory request was completed. (0x12B)
[1018/204550.761:ERROR:process_memory_win.cc(73)] ReadMemory at 0x1d04bbc5810 of 1012 bytes failed: Only part of a ReadProcessMemory or WriteProcessMemory request was completed. (0x12B)
[1018/204550.761:ERROR:process_memory_win.cc(73)] ReadMemory at 0x1d04bbc5e58 of 118 bytes failed: Only part of a ReadProcessMemory or WriteProcessMemory request was completed. (0x12B)
[1018/204550.761:ERROR:process_memory_win.cc(73)] ReadMemory at 0x1d04bbc5ed0 of 792 bytes failed: Only part of a ReadProcessMemory or WriteProcessMemory request was completed. (0x12B)
[1018/204550.761:ERROR:process_memory_win.cc(73)] ReadMemory at 0x1d04bbc61ea of 118 bytes failed: Only part of a ReadProcessMemory or WriteProcessMemory request was completed. (0x12B)
[1018/204550.761:ERROR:process_memory_win.cc(73)] ReadMemory at 0x1d04bbc6262 of 102 bytes failed: Only part of a ReadProcessMemory or WriteProcessMemory request was completed. (0x12B)
[1018/204550.761:ERROR:process_memory_win.cc(73)] ReadMemory at 0x1d04bbc62e0 of 58 bytes failed: Only part of a ReadProcessMemory or WriteProcessMemory request was completed. (0x12B)
[1018/204550.761:ERROR:process_memory_win.cc(73)] ReadMemory at 0x1d04bbc63e0 of 132 bytes failed: Only part of a ReadProcessMemory or WriteProcessMemory request was completed. (0x12B)
[1018/204550.761:ERROR:process_memory_win.cc(73)] ReadMemory at 0x1d04bbc6570 of 132 bytes failed: Only part of a ReadProcessMemory or WriteProcessMemory request was completed. (0x12B)
[1018/204550.761:ERROR:process_memory_win.cc(73)] ReadMemory at 0x1d04bbc6730 of 124 bytes failed: Only part of a ReadProcessMemory or WriteProcessMemory request was completed. (0x12B)
[1018/204550.761:ERROR:process_memory_win.cc(73)] ReadMemory at 0x1d04bbc6c30 of 132 bytes failed: Only part of a ReadProcessMemory or WriteProcessMemory request was completed. (0x12B)
[1018/204550.761:ERROR:process_memory_win.cc(73)] ReadMemory at 0x1d04bbc6dc0 of 64 bytes failed: Only part of a ReadProcessMemory or WriteProcessMemory request was completed. (0x12B)
[1018/204550.761:ERROR:process_memory_win.cc(73)] ReadMemory at 0x1d04bbc6f80 of 132 bytes failed: Only part of a ReadProcessMemory or WriteProcessMemory request was completed. (0x12B)
[1018/204550.761:ERROR:process_memory_win.cc(73)] ReadMemory at 0x1d04bbc7240 of 132 bytes failed: Only part of a ReadProcessMemory or WriteProcessMemory request was completed. (0x12B)
[1018/204550.761:ERROR:process_memory_win.cc(73)] ReadMemory at 0x1d04bbc73d0 of 68 bytes failed: Only part of a ReadProcessMemory or WriteProcessMemory request was completed. (0x12B)
[1018/204550.762:ERROR:process_memory_win.cc(73)] ReadMemory at 0x1d04bbc84b0 of 132 bytes failed: Only part of a ReadProcessMemory or WriteProcessMemory request was completed. (0x12B)
[1018/204550.762:ERROR:process_memory_win.cc(73)] ReadMemory at 0x1d04bbc85e0 of 152 bytes failed: Only part of a ReadProcessMemory or WriteProcessMemory request was completed. (0x12B)
[1018/204550.762:ERROR:process_memory_win.cc(73)] ReadMemory at 0x1d04bbc9370 of 62 bytes failed: Only part of a ReadProcessMemory or WriteProcessMemory request was completed. (0x12B)
[1018/204550.762:ERROR:process_memory_win.cc(73)] ReadMemory at 0x1d04bbc94a0 of 132 bytes failed: Only part of a ReadProcessMemory or WriteProcessMemory request was completed. (0x12B)
[1018/204550.762:ERROR:process_memory_win.cc(73)] ReadMemory at 0x1d04bbc9630 of 60 bytes failed: Only part of a ReadProcessMemory or WriteProcessMemory request was completed. (0x12B)
[1018/204550.762:ERROR:process_memory_win.cc(73)] ReadMemory at 0x1d04bbd8760 of 62 bytes failed: Only part of a ReadProcessMemory or WriteProcessMemory request was completed. (0x12B)
[1018/204550.762:ERROR:process_memory_win.cc(73)] ReadMemory at 0x1d04bbd8a80 of 62 bytes failed: Only part of a ReadProcessMemory or WriteProcessMemory request was completed. (0x12B)
[1018/204550.762:ERROR:process_memory_win.cc(73)] ReadMemory at 0x1d04bbd8df0 of 64 bytes failed: Only part of a ReadProcessMemory or WriteProcessMemory request was completed. (0x12B)
[1018/204550.762:ERROR:process_memory_win.cc(73)] ReadMemory at 0x1d04bbd8e40 of 64 bytes failed: Only part of a ReadProcessMemory or WriteProcessMemory request was completed. (0x12B)
[1018/204550.762:ERROR:process_memory_win.cc(73)] ReadMemory at 0x1d04bbd8ee0 of 62 bytes failed: Only part of a ReadProcessMemory or WriteProcessMemory request was completed. (0x12B)
[1018/204550.762:ERROR:process_memory_win.cc(73)] ReadMemory at 0x1d04bbd8fd0 of 62 bytes failed: Only part of a ReadProcessMemory or WriteProcessMemory request was completed. (0x12B)
[1018/204550.762:ERROR:process_memory_win.cc(73)] ReadMemory at 0x1d04bbd90c0 of 60 bytes failed: Only part of a ReadProcessMemory or WriteProcessMemory request was completed. (0x12B)
[1018/204550.762:ERROR:process_memory_win.cc(73)] ReadMemory at 0x1d04bbd92a0 of 66 bytes failed: Only part of a ReadProcessMemory or WriteProcessMemory request was completed. (0x12B)
[1018/204550.762:ERROR:process_memory_win.cc(73)] ReadMemory at 0x1d04bbd92f0 of 60 bytes failed: Only part of a ReadProcessMemory or WriteProcessMemory request was completed. (0x12B)
[1018/204550.762:ERROR:process_memory_win.cc(73)] ReadMemory at 0x1d04bbd9340 of 64 bytes failed: Only part of a ReadProcessMemory or WriteProcessMemory request was completed. (0x12B)
[1018/204550.762:ERROR:process_memory_win.cc(73)] ReadMemory at 0x1d04bbd9430 of 64 bytes failed: Only part of a ReadProcessMemory or WriteProcessMemory request was completed. (0x12B)
[1018/204550.762:ERROR:process_memory_win.cc(73)] ReadMemory at 0x1d04bbd96b0 of 64 bytes failed: Only part of a ReadProcessMemory or WriteProcessMemory request was completed. (0x12B)
[1018/204550.762:ERROR:process_memory_win.cc(73)] ReadMemory at 0x1d04bbdde60 of 132 bytes failed: Only part of a ReadProcessMemory or WriteProcessMemory request was completed. (0x12B)
[1018/204550.762:ERROR:process_memory_win.cc(73)] ReadMemory at 0x1d04bbddf90 of 132 bytes failed: Only part of a ReadProcessMemory or WriteProcessMemory request was completed. (0x12B)
[1018/204550.762:ERROR:process_memory_win.cc(73)] ReadMemory at 0x1d04bbdeab0 of 132 bytes failed: Only part of a ReadProcessMemory or WriteProcessMemory request was completed. (0x12B)
[1018/204550.763:ERROR:process_memory_win.cc(73)] ReadMemory at 0x1d04bbdebe0 of 132 bytes failed: Only part of a ReadProcessMemory or WriteProcessMemory request was completed. (0x12B)
[1018/204550.763:ERROR:process_memory_win.cc(73)] ReadMemory at 0x1d04bbded10 of 132 bytes failed: Only part of a ReadProcessMemory or WriteProcessMemory request was completed. (0x12B)
[1018/204550.763:ERROR:process_memory_win.cc(73)] ReadMemory at 0x1d04bbdee40 of 132 bytes failed: Only part of a ReadProcessMemory or WriteProcessMemory request was completed. (0x12B)
[1018/204550.763:ERROR:process_memory_win.cc(73)] ReadMemory at 0x1d04bbdef70 of 132 bytes failed: Only part of a ReadProcessMemory or WriteProcessMemory request was completed. (0x12B)
[1018/204550.763:ERROR:process_memory_win.cc(73)] ReadMemory at 0x1d04bbdf0a0 of 132 bytes failed: Only part of a ReadProcessMemory or WriteProcessMemory request was completed. (0x12B)
[1018/204550.763:ERROR:process_memory_win.cc(73)] ReadMemory at 0x1d04bbdf1d0 of 132 bytes failed: Only part of a ReadProcessMemory or WriteProcessMemory request was completed. (0x12B)
[1018/204550.763:ERROR:process_memory_win.cc(73)] ReadMemory at 0x1d04bbdf300 of 132 bytes failed: Only part of a ReadProcessMemory or WriteProcessMemory request was completed. (0x12B)
[1018/204550.763:ERROR:process_memory_win.cc(73)] ReadMemory at 0x1d04bbdf430 of 132 bytes failed: Only part of a ReadProcessMemory or WriteProcessMemory request was completed. (0x12B)
[1018/204550.763:ERROR:process_memory_win.cc(73)] ReadMemory at 0x1d04bbdf560 of 132 bytes failed: Only part of a ReadProcessMemory or WriteProcessMemory request was completed. (0x12B)
[1018/204550.763:ERROR:process_memory_win.cc(73)] ReadMemory at 0x1d04bbdf690 of 132 bytes failed: Only part of a ReadProcessMemory or WriteProcessMemory request was completed. (0x12B)
[1018/204550.763:ERROR:process_memory_win.cc(73)] ReadMemory at 0x1d04bbdf7c0 of 132 bytes failed: Only part of a ReadProcessMemory or WriteProcessMemory request was completed. (0x12B)
[1018/204550.763:ERROR:process_memory_win.cc(73)] ReadMemory at 0x1d04bbdf8f0 of 132 bytes failed: Only part of a ReadProcessMemory or WriteProcessMemory request was completed. (0x12B)
[1018/204550.763:ERROR:process_memory_win.cc(73)] ReadMemory at 0x1d04bbdff40 of 80 bytes failed: Only part of a ReadProcessMemory or WriteProcessMemory request was completed. (0x12B)
[1018/204550.763:ERROR:process_memory_win.cc(73)] ReadMemory at 0x1d04bbe0720 of 80 bytes failed: Only part of a ReadProcessMemory or WriteProcessMemory request was completed. (0x12B)
[1018/204550.763:ERROR:process_memory_win.cc(73)] ReadMemory at 0x1d04bbe4520 of 132 bytes failed: Only part of a ReadProcessMemory or WriteProcessMemory request was completed. (0x12B)
[1018/204550.763:ERROR:process_memory_win.cc(73)] ReadMemory at 0x1d04bbe4650 of 144 bytes failed: Only part of a ReadProcessMemory or WriteProcessMemory request was completed. (0x12B)
[1018/204550.763:ERROR:process_memory_win.cc(73)] ReadMemory at 0x1d04bbe6060 of 132 bytes failed: Only part of a ReadProcessMemory or WriteProcessMemory request was completed. (0x12B)
[1018/204550.763:ERROR:process_memory_win.cc(73)] ReadMemory at 0x1d04bbe6a10 of 132 bytes failed: Only part of a ReadProcessMemory or WriteProcessMemory request was completed. (0x12B)
[1018/204550.763:ERROR:process_memory_win.cc(73)] ReadMemory at 0x1d04bbe7f10 of 132 bytes failed: Only part of a ReadProcessMemory or WriteProcessMemory request was completed. (0x12B)
[1018/204550.763:ERROR:process_memory_win.cc(73)] ReadMemory at 0x1d04bbeae10 of 132 bytes failed: Only part of a ReadProcessMemory or WriteProcessMemory request was completed. (0x12B)
[1018/204550.763:ERROR:process_memory_win.cc(73)] ReadMemory at 0x1d04bbec9e0 of 132 bytes failed: Only part of a ReadProcessMemory or WriteProcessMemory request was completed. (0x12B)
[1018/204550.763:ERROR:process_memory_win.cc(73)] ReadMemory at 0x1d04bbecc00 of 132 bytes failed: Only part of a ReadProcessMemory or WriteProcessMemory request was completed. (0x12B)
[1018/204550.763:ERROR:process_memory_win.cc(73)] ReadMemory at 0x1d04bbedae0 of 62 bytes failed: Only part of a ReadProcessMemory or WriteProcessMemory request was completed. (0x12B)
[1018/204550.763:ERROR:process_memory_win.cc(73)] ReadMemory at 0x1d04bbedd10 of 64 bytes failed: Only part of a ReadProcessMemory or WriteProcessMemory request was completed. (0x12B)
[1018/204550.763:ERROR:process_memory_win.cc(73)] ReadMemory at 0x1d04bbedd60 of 64 bytes failed: Only part of a ReadProcessMemory or WriteProcessMemory request was completed. (0x12B)
[1018/204550.763:ERROR:process_memory_win.cc(73)] ReadMemory at 0x1d04bbedf90 of 62 bytes failed: Only part of a ReadProcessMemory or WriteProcessMemory request was completed. (0x12B)
[1018/204550.763:ERROR:process_memory_win.cc(73)] ReadMemory at 0x1d04bbee120 of 58 bytes failed: Only part of a ReadProcessMemory or WriteProcessMemory request was completed. (0x12B)
[1018/204550.763:ERROR:process_memory_win.cc(73)] ReadMemory at 0x1d04bbee1c0 of 62 bytes failed: Only part of a ReadProcessMemory or WriteProcessMemory request was completed. (0x12B)
[1018/204550.763:ERROR:process_memory_win.cc(73)] ReadMemory at 0x1d04bbee260 of 62 bytes failed: Only part of a ReadProcessMemory or WriteProcessMemory request was completed. (0x12B)
[1018/204550.763:ERROR:process_memory_win.cc(73)] ReadMemory at 0x1d04bbee4e0 of 60 bytes failed: Only part of a ReadProcessMemory or WriteProcessMemory request was completed. (0x12B)
[1018/204550.763:ERROR:process_memory_win.cc(73)] ReadMemory at 0x1d04bbee530 of 60 bytes failed: Only part of a ReadProcessMemory or WriteProcessMemory request was completed. (0x12B)
[1018/204550.763:ERROR:process_memory_win.cc(73)] ReadMemory at 0x1d04bbee710 of 62 bytes failed: Only part of a ReadProcessMemory or WriteProcessMemory request was completed. (0x12B)
[1018/204550.763:ERROR:process_memory_win.cc(73)] ReadMemory at 0x1d04bbee9a0 of 132 bytes failed: Only part of a ReadProcessMemory or WriteProcessMemory request was completed. (0x12B)
[1018/204550.763:ERROR:process_memory_win.cc(73)] ReadMemory at 0x1d04bbef7e0 of 132 bytes failed: Only part of a ReadProcessMemory or WriteProcessMemory request was completed. (0x12B)
[1018/204550.763:ERROR:process_memory_win.cc(73)] ReadMemory at 0x1d04bbefdd0 of 132 bytes failed: Only part of a ReadProcessMemory or WriteProcessMemory request was completed. (0x12B)
[1018/204550.763:ERROR:process_memory_win.cc(73)] ReadMemory at 0x1d04bc4ae50 of 512 bytes failed: Only part of a ReadProcessMemory or WriteProcessMemory request was completed. (0x12B)
[1018/204550.763:ERROR:process_memory_win.cc(73)] ReadMemory at 0x1d04bc56a60 of 512 bytes failed: Only part of a ReadProcessMemory or WriteProcessMemory request was completed. (0x12B)
[1018/204550.763:ERROR:process_memory_win.cc(73)] ReadMemory at 0x1d04bc5c510 of 512 bytes failed: Only part of a ReadProcessMemory or WriteProcessMemory request was completed. (0x12B)
[1018/204550.763:ERROR:process_memory_win.cc(73)] ReadMemory at 0x1d04bc5e1a8 of 512 bytes failed: Only part of a ReadProcessMemory or WriteProcessMemory request was completed. (0x12B)
[1018/204550.763:ERROR:process_memory_win.cc(73)] ReadMemory at 0x1d04bc7d190 of 712 bytes failed: Only part of a ReadProcessMemory or WriteProcessMemory request was completed. (0x12B)
[1018/204550.764:ERROR:process_memory_win.cc(73)] ReadMemory at 0x1d04bc811a0 of 512 bytes failed: Only part of a ReadProcessMemory or WriteProcessMemory request was completed. (0x12B)
[1018/204550.764:ERROR:process_memory_win.cc(73)] ReadMemory at 0x1d04bc89910 of 512 bytes failed: Only part of a ReadProcessMemory or WriteProcessMemory request was completed. (0x12B)
[1018/204550.764:ERROR:process_memory_win.cc(73)] ReadMemory at 0x1d04d4a50a0 of 512 bytes failed: Only part of a ReadProcessMemory or WriteProcessMemory request was completed. (0x12B)
[1018/204550.764:ERROR:process_memory_win.cc(73)] ReadMemory at 0x1d04d5abbe0 of 848 bytes failed: Only part of a ReadProcessMemory or WriteProcessMemory request was completed. (0x12B)
[1018/204550.764:ERROR:process_memory_win.cc(73)] ReadMemory at 0x1d04ea1b810 of 512 bytes failed: Only part of a ReadProcessMemory or WriteProcessMemory request was completed. (0x12B)
[1018/204550.764:ERROR:process_memory_win.cc(73)] ReadMemory at 0x1d04ea5d420 of 512 bytes failed: Only part of a ReadProcessMemory or WriteProcessMemory request was completed. (0x12B)
[1018/204550.764:ERROR:process_memory_win.cc(73)] ReadMemory at 0x1d04ea72840 of 512 bytes failed: Only part of a ReadProcessMemory or WriteProcessMemory request was completed. (0x12B)
[1018/204550.764:ERROR:process_memory_win.cc(73)] ReadMemory at 0x1d04f71a470 of 512 bytes failed: Only part of a ReadProcessMemory or WriteProcessMemory request was completed. (0x12B)
[1018/204550.764:ERROR:process_memory_win.cc(73)] ReadMemory at 0x1d051616460 of 512 bytes failed: Only part of a ReadProcessMemory or WriteProcessMemory request was completed. (0x12B)
[1018/204550.764:ERROR:process_memory_win.cc(73)] ReadMemory at 0x1d053ed0520 of 512 bytes failed: Only part of a ReadProcessMemory or WriteProcessMemory request was completed. (0x12B)
[1018/204550.764:ERROR:process_memory_win.cc(73)] ReadMemory at 0x1d053ed7d20 of 512 bytes failed: Only part of a ReadProcessMemory or WriteProcessMemory request was completed. (0x12B)
[1018/204550.764:ERROR:process_memory_win.cc(73)] ReadMemory at 0x1d054320620 of 512 bytes failed: Only part of a ReadProcessMemory or WriteProcessMemory request was completed. (0x12B)
[1018/204550.764:ERROR:process_memory_win.cc(73)] ReadMemory at 0x1d0548c68f0 of 552 bytes failed: Only part of a ReadProcessMemory or WriteProcessMemory request was completed. (0x12B)
[1018/204550.764:ERROR:process_memory_win.cc(73)] ReadMemory at 0x1d05899b1d8 of 512 bytes failed: Only part of a ReadProcessMemory or WriteProcessMemory request was completed. (0x12B)
[1018/204550.764:ERROR:process_memory_win.cc(73)] ReadMemory at 0x1d05eb6bf80 of 512 bytes failed: Only part of a ReadProcessMemory or WriteProcessMemory request was completed. (0x12B)
[1018/204550.764:ERROR:process_memory_win.cc(73)] ReadMemory at 0x1d05eb6f381 of 911 bytes failed: Only part of a ReadProcessMemory or WriteProcessMemory request was completed. (0x12B)
[1018/204550.764:ERROR:process_memory_win.cc(73)] ReadMemory at 0x1d05f675d10 of 512 bytes failed: Only part of a ReadProcessMemory or WriteProcessMemory request was completed. (0x12B)
[1018/204550.764:ERROR:process_memory_win.cc(73)] ReadMemory at 0x1d05f675f48 of 512 bytes failed: Only part of a ReadProcessMemory or WriteProcessMemory request was completed. (0x12B)
[1018/204550.765:ERROR:process_memory_win.cc(73)] ReadMemory at 0x1d062ab6168 of 512 bytes failed: Only part of a ReadProcessMemory or WriteProcessMemory request was completed. (0x12B)
[1018/204550.765:ERROR:process_memory_win.cc(73)] ReadMemory at 0x1d064d25690 of 680 bytes failed: Only part of a ReadProcessMemory or WriteProcessMemory request was completed. (0x12B)
[1018/204550.765:ERROR:process_memory_win.cc(73)] ReadMemory at 0x1d064d25ce8 of 512 bytes failed: Only part of a ReadProcessMemory or WriteProcessMemory request was completed. (0x12B)
[1018/204550.765:ERROR:process_memory_win.cc(73)] ReadMemory at 0x1d064d36e78 of 512 bytes failed: Only part of a ReadProcessMemory or WriteProcessMemory request was completed. (0x12B)
[1018/204550.765:ERROR:process_memory_win.cc(73)] ReadMemory at 0x1d064fe2278 of 512 bytes failed: Only part of a ReadProcessMemory or WriteProcessMemory request was completed. (0x12B)
[1018/204550.765:ERROR:process_memory_win.cc(73)] ReadMemory at 0x1d0650cba00 of 512 bytes failed: Only part of a ReadProcessMemory or WriteProcessMemory request was completed. (0x12B)
[1018/204550.765:ERROR:process_memory_win.cc(73)] ReadMemory at 0x1d06560f538 of 512 bytes failed: Only part of a ReadProcessMemory or WriteProcessMemory request was completed. (0x12B)
[1018/204550.765:ERROR:process_memory_win.cc(73)] ReadMemory at 0x1d066931990 of 512 bytes failed: Only part of a ReadProcessMemory or WriteProcessMemory request was completed. (0x12B)
[1018/204550.765:ERROR:process_memory_win.cc(73)] ReadMemory at 0x1d0696838d0 of 512 bytes failed: Only part of a ReadProcessMemory or WriteProcessMemory request was completed. (0x12B)
[1018/204550.765:ERROR:process_memory_win.cc(73)] ReadMemory at 0x187b00000000 of 384 bytes failed: Only part of a ReadProcessMemory or WriteProcessMemory request was completed. (0x12B)
[1018/204550.765:ERROR:process_memory_win.cc(73)] ReadMemory at 0x187b08042191 of 512 bytes failed: Only part of a ReadProcessMemory or WriteProcessMemory request was completed. (0x12B)
[1018/204550.765:ERROR:process_memory_win.cc(73)] ReadMemory at 0x187b0970a5bc of 512 bytes failed: Only part of a ReadProcessMemory or WriteProcessMemory request was completed. (0x12B)
[1018/204550.765:ERROR:process_memory_win.cc(73)] ReadMemory at 0x187b09d4f3d0 of 512 bytes failed: Only part of a ReadProcessMemory or WriteProcessMemory request was completed. (0x12B)
[1018/204550.765:ERROR:process_memory_win.cc(73)] ReadMemory at 0x187b0bb13a29 of 512 bytes failed: Only part of a ReadProcessMemory or WriteProcessMemory request was completed. (0x12B)
[1018/204550.769:ERROR:scoped_process_suspend.cc(40)] NtResumeProcess: An attempt was made to access an exiting process. (0xc000010a)
